2019-10-18 16:00:33 INFO  Car - Speed:   0.0; Angle:   EAST; Position:   2,3; Parcels:      0; Health: 200.0; Health Usage: 200.0; Fuel: 1000.0; Tile: START
2019-10-18 16:00:34 INFO  Car - Speed:   0.0; Angle:   EAST; Position:   2,3; Parcels:      0; Health: 200.0; Health Usage: 200.0; Fuel: 1000.0; Tile: START
2019-10-18 16:00:34 INFO  Car - Speed:   0.0; Angle:   EAST; Position:   2,3; Parcels:      0; Health: 200.0; Health Usage: 200.0; Fuel: 1000.0; Tile: START
2019-10-18 16:00:34 INFO  Car - Speed:   0.0; Angle:   EAST; Position:   2,3; Parcels:      0; Health: 200.0; Health Usage: 200.0; Fuel: 1000.0; Tile: START
2019-10-18 16:00:34 INFO  Car - Speed:   0.0; Angle:   EAST; Position:   2,3; Parcels:      0; Health: 200.0; Health Usage: 200.0; Fuel: 1000.0; Tile: START
2019-10-18 16:00:34 INFO  Car - Speed:   0.0; Angle:   EAST; Position:   2,3; Parcels:      0; Health: 200.0; Health Usage: 200.0; Fuel: 1000.0; Tile: START
2019-10-18 16:00:35 INFO  Car - Speed:   0.0; Angle:   EAST; Position:   2,3; Parcels:      0; Health: 200.0; Health Usage: 200.0; Fuel: 1000.0; Tile: START
2019-10-18 16:00:35 INFO  Car - Speed:   0.0; Angle:   EAST; Position:   2,3; Parcels:      0; Health: 200.0; Health Usage: 200.0; Fuel: 1000.0; Tile: START
2019-10-18 16:00:35 INFO  Car - Speed:   0.0; Angle:   EAST; Position:   2,3; Parcels:      0; Health: 200.0; Health Usage: 200.0; Fuel: 1000.0; Tile: START
2019-10-18 16:00:36 INFO  Car - Speed:   0.0; Angle:   EAST; Position:   2,3; Parcels:      0; Health: 200.0; Health Usage: 200.0; Fuel: 1000.0; Tile: START
2019-10-18 16:00:36 INFO  Car - Speed:   1.0; Angle:   EAST; Position:   3,3; Parcels:      0; Health: 200.0; Health Usage: 200.0; Fuel: 999.0; Tile: ROAD
2019-10-18 16:00:36 INFO  Car - Speed:   1.0; Angle:   EAST; Position:   4,3; Parcels:      0; Health: 200.0; Health Usage: 200.0; Fuel: 998.0; Tile: ROAD
2019-10-18 16:00:36 INFO  Car - Speed:   1.0; Angle:  SOUTH; Position:   4,2; Parcels:      0; Health: 200.0; Health Usage: 200.0; Fuel: 997.0; Tile: ROAD
2019-10-18 16:00:36 INFO  Car - Speed:   1.0; Angle:  SOUTH; Position:   4,1; Parcels:      0; Health: 200.0; Health Usage: 200.0; Fuel: 996.0; Tile: ROAD
2019-10-18 16:00:37 INFO  Car - Speed:   0.0; Angle:  SOUTH; Position:   4,1; Parcels:      0; Health: 195.0; Health Usage: 200.0; Fuel: 995.0; Tile: ROAD
2019-10-18 16:00:37 INFO  Car - Speed:   0.0; Angle:  SOUTH; Position:   4,1; Parcels:      0; Health: 195.0; Health Usage: 200.0; Fuel: 995.0; Tile: ROAD
2019-10-18 16:00:37 INFO  Car - Speed:   0.0; Angle:  SOUTH; Position:   4,1; Parcels:      0; Health: 195.0; Health Usage: 200.0; Fuel: 995.0; Tile: ROAD
2019-10-18 16:00:37 INFO  Car - Speed:   0.0; Angle:  SOUTH; Position:   4,1; Parcels:      0; Health: 195.0; Health Usage: 200.0; Fuel: 995.0; Tile: ROAD
2019-10-18 16:00:38 INFO  Car - Speed:   0.0; Angle:  SOUTH; Position:   4,1; Parcels:      0; Health: 195.0; Health Usage: 200.0; Fuel: 995.0; Tile: ROAD
2019-10-18 16:00:38 INFO  Car - Speed:   0.0; Angle:  SOUTH; Position:   4,1; Parcels:      0; Health: 195.0; Health Usage: 200.0; Fuel: 995.0; Tile: ROAD
2019-10-18 16:00:38 INFO  Car - Speed:   0.0; Angle:  SOUTH; Position:   4,1; Parcels:      0; Health: 195.0; Health Usage: 200.0; Fuel: 995.0; Tile: ROAD
2019-10-18 16:00:38 INFO  Car - Speed:   0.0; Angle:  SOUTH; Position:   4,1; Parcels:      0; Health: 190.0; Health Usage: 200.0; Fuel: 994.0; Tile: ROAD
2019-10-18 16:00:39 INFO  Car - Speed:   1.0; Angle:  SOUTH; Position:   4,2; Parcels:      0; Health: 190.0; Health Usage: 200.0; Fuel: 993.0; Tile: ROAD
2019-10-18 16:00:39 INFO  Car - Speed:   1.0; Angle:  SOUTH; Position:   4,3; Parcels:      0; Health: 190.0; Health Usage: 200.0; Fuel: 992.0; Tile: ROAD
2019-10-18 16:00:39 INFO  Car - Speed:   1.0; Angle:  SOUTH; Position:   4,4; Parcels:      0; Health: 190.0; Health Usage: 200.0; Fuel: 991.0; Tile: ROAD
2019-10-18 16:00:39 INFO  Car - Speed:   1.0; Angle:  SOUTH; Position:   4,5; Parcels:      0; Health: 190.0; Health Usage: 200.0; Fuel: 990.0; Tile: ROAD
2019-10-18 16:00:40 INFO  Car - Speed:   0.0; Angle:   WEST; Position:   4,5; Parcels:      0; Health: 185.0; Health Usage: 200.0; Fuel: 989.0; Tile: ROAD
2019-10-18 16:00:40 INFO  Car - Speed:   0.0; Angle:   WEST; Position:   4,5; Parcels:      0; Health: 185.0; Health Usage: 200.0; Fuel: 989.0; Tile: ROAD
2019-10-18 16:00:40 INFO  Car - Speed:   0.0; Angle:   WEST; Position:   4,5; Parcels:      0; Health: 185.0; Health Usage: 200.0; Fuel: 989.0; Tile: ROAD
2019-10-18 16:00:40 INFO  Car - Speed:   0.0; Angle:   WEST; Position:   4,5; Parcels:      0; Health: 185.0; Health Usage: 200.0; Fuel: 989.0; Tile: ROAD
2019-10-18 16:00:41 INFO  Car - Speed:   0.0; Angle:   WEST; Position:   4,5; Parcels:      0; Health: 185.0; Health Usage: 200.0; Fuel: 989.0; Tile: ROAD
2019-10-18 16:00:41 INFO  Car - Speed:   0.0; Angle:   WEST; Position:   4,5; Parcels:      0; Health: 185.0; Health Usage: 200.0; Fuel: 989.0; Tile: ROAD
2019-10-18 16:00:41 INFO  Car - Speed:   1.0; Angle:   WEST; Position:   3,5; Parcels:      0; Health: 185.0; Health Usage: 200.0; Fuel: 988.0; Tile: ROAD
2019-10-18 16:00:41 INFO  Car - Speed:   1.0; Angle:   WEST; Position:   2,5; Parcels:      0; Health: 185.0; Health Usage: 200.0; Fuel: 987.0; Tile: ROAD
2019-10-18 16:00:42 INFO  Car - Speed:   1.0; Angle:   WEST; Position:   1,5; Parcels:      0; Health: 185.0; Health Usage: 200.0; Fuel: 986.0; Tile: ROAD
2019-10-18 16:00:42 INFO  Car - Speed:   1.0; Angle:  NORTH; Position:   1,6; Parcels:      0; Health: 185.0; Health Usage: 200.0; Fuel: 985.0; Tile: ROAD
2019-10-18 16:00:42 INFO  Car - Speed:   1.0; Angle:  NORTH; Position:   1,7; Parcels:      0; Health: 185.0; Health Usage: 200.0; Fuel: 984.0; Tile: ROAD
2019-10-18 16:00:43 INFO  Car - Speed:   1.0; Angle:  NORTH; Position:   1,8; Parcels:      0; Health: 185.0; Health Usage: 200.0; Fuel: 983.0; Tile: ROAD
2019-10-18 16:00:43 INFO  Car - Speed:   1.0; Angle:  NORTH; Position:   1,9; Parcels:      0; Health: 185.0; Health Usage: 200.0; Fuel: 982.0; Tile: ROAD
2019-10-18 16:00:43 INFO  Car - Speed:   1.0; Angle:  NORTH; Position:  1,10; Parcels:      0; Health: 185.0; Health Usage: 200.0; Fuel: 981.0; Tile: ROAD
2019-10-18 16:00:43 INFO  Car - Speed:   1.0; Angle:  NORTH; Position:  1,11; Parcels:      0; Health: 185.0; Health Usage: 200.0; Fuel: 980.0; Tile: ROAD
2019-10-18 16:00:44 INFO  Car - Speed:   1.0; Angle:  NORTH; Position:  1,12; Parcels:      0; Health: 185.0; Health Usage: 200.0; Fuel: 979.0; Tile: ROAD
2019-10-18 16:00:44 INFO  Car - Speed:   1.0; Angle:  NORTH; Position:  1,13; Parcels:      0; Health: 185.0; Health Usage: 200.0; Fuel: 978.0; Tile: ROAD
2019-10-18 16:00:44 INFO  Car - Speed:   1.0; Angle:  NORTH; Position:  1,14; Parcels:      0; Health: 185.0; Health Usage: 200.0; Fuel: 977.0; Tile: ROAD
2019-10-18 16:00:44 INFO  Car - Speed:   1.0; Angle:  NORTH; Position:  1,15; Parcels:      0; Health: 185.0; Health Usage: 200.0; Fuel: 976.0; Tile: ROAD
2019-10-18 16:00:44 INFO  Car - Speed:   1.0; Angle:  NORTH; Position:  1,16; Parcels:      0; Health: 185.0; Health Usage: 200.0; Fuel: 975.0; Tile: ROAD
2019-10-18 16:00:45 INFO  Car - Speed:   1.0; Angle:   EAST; Position:  2,16; Parcels:      0; Health: 185.0; Health Usage: 200.0; Fuel: 974.0; Tile: ROAD
2019-10-18 16:00:45 INFO  Car - Speed:   1.0; Angle:   EAST; Position:  3,16; Parcels:      0; Health: 185.0; Health Usage: 200.0; Fuel: 973.0; Tile: ROAD
2019-10-18 16:00:45 INFO  Car - Speed:   1.0; Angle:   EAST; Position:  4,16; Parcels:      0; Health: 185.0; Health Usage: 200.0; Fuel: 972.0; Tile: ROAD
2019-10-18 16:00:45 INFO  Car - Speed:   1.0; Angle:   EAST; Position:  5,16; Parcels:      0; Health: 185.0; Health Usage: 200.0; Fuel: 971.0; Tile: ROAD
2019-10-18 16:00:46 INFO  Car - Speed:   1.0; Angle:   EAST; Position:  6,16; Parcels:      0; Health: 185.0; Health Usage: 200.0; Fuel: 970.0; Tile: ROAD
2019-10-18 16:00:46 INFO  Car - Speed:   1.0; Angle:   EAST; Position:  7,16; Parcels:      0; Health: 185.0; Health Usage: 200.0; Fuel: 969.0; Tile: ROAD
2019-10-18 16:00:46 INFO  Car - Speed:   1.0; Angle:  SOUTH; Position:  7,15; Parcels:      0; Health: 185.0; Health Usage: 200.0; Fuel: 968.0; Tile: ROAD
2019-10-18 16:00:46 INFO  Car - Speed:   1.0; Angle:  SOUTH; Position:  7,14; Parcels:      0; Health: 185.0; Health Usage: 200.0; Fuel: 967.0; Tile: ROAD
2019-10-18 16:00:47 INFO  Car - Speed:   1.0; Angle:  SOUTH; Position:  7,13; Parcels:      0; Health: 185.0; Health Usage: 200.0; Fuel: 966.0; Tile: ROAD
2019-10-18 16:00:47 INFO  Car - Speed:   1.0; Angle:  SOUTH; Position:  7,12; Parcels:      0; Health: 185.0; Health Usage: 200.0; Fuel: 965.0; Tile: ROAD
2019-10-18 16:00:47 INFO  Car - Speed:   1.0; Angle:  SOUTH; Position:  7,11; Parcels:      0; Health: 185.0; Health Usage: 200.0; Fuel: 964.0; Tile: ROAD
2019-10-18 16:00:47 INFO  Car - Speed:   1.0; Angle:  SOUTH; Position:  7,10; Parcels:      0; Health: 185.0; Health Usage: 200.0; Fuel: 963.0; Tile: ROAD
2019-10-18 16:00:48 INFO  Car - Speed:   1.0; Angle:  SOUTH; Position:   7,9; Parcels:      0; Health: 185.0; Health Usage: 200.0; Fuel: 962.0; Tile: ROAD
2019-10-18 16:00:48 INFO  Car - Speed:   1.0; Angle:  SOUTH; Position:   7,8; Parcels:      0; Health: 185.0; Health Usage: 200.0; Fuel: 961.0; Tile: ROAD
2019-10-18 16:00:48 INFO  Car - Speed:   1.0; Angle:  SOUTH; Position:   7,7; Parcels:      0; Health: 185.0; Health Usage: 200.0; Fuel: 960.0; Tile: ROAD
2019-10-18 16:00:48 INFO  Car - Speed:   1.0; Angle:  SOUTH; Position:   7,6; Parcels:      0; Health: 185.0; Health Usage: 200.0; Fuel: 959.0; Tile: ROAD
2019-10-18 16:00:49 INFO  Car - Speed:   1.0; Angle:  SOUTH; Position:   7,5; Parcels:      0; Health: 185.0; Health Usage: 200.0; Fuel: 958.0; Tile: ROAD
2019-10-18 16:00:49 INFO  Car - Speed:   1.0; Angle:  SOUTH; Position:   7,4; Parcels:      0; Health: 185.0; Health Usage: 200.0; Fuel: 957.0; Tile: ROAD
2019-10-18 16:00:49 INFO  Car - Speed:   1.0; Angle:  SOUTH; Position:   7,3; Parcels:      0; Health: 185.0; Health Usage: 200.0; Fuel: 956.0; Tile: ROAD
2019-10-18 16:00:49 INFO  Car - Speed:   1.0; Angle:   EAST; Position:   8,3; Parcels:      0; Health: 185.0; Health Usage: 200.0; Fuel: 955.0; Tile: ROAD
2019-10-18 16:00:50 INFO  Car - Speed:   1.0; Angle:   EAST; Position:   9,3; Parcels:      0; Health: 185.0; Health Usage: 200.0; Fuel: 954.0; Tile: ROAD
2019-10-18 16:00:50 INFO  Car - Speed:   1.0; Angle:   EAST; Position:  10,3; Parcels:      0; Health: 185.0; Health Usage: 200.0; Fuel: 953.0; Tile: ROAD
2019-10-18 16:00:50 INFO  Car - Speed:   1.0; Angle:   EAST; Position:  11,3; Parcels:      0; Health: 185.0; Health Usage: 200.0; Fuel: 952.0; Tile: ROAD
2019-10-18 16:00:50 INFO  Car - Speed:   1.0; Angle:   EAST; Position:  12,3; Parcels:      0; Health: 185.0; Health Usage: 200.0; Fuel: 951.0; Tile: ROAD
2019-10-18 16:00:51 INFO  Car - Speed:   1.0; Angle:   EAST; Position:  13,3; Parcels:      0; Health: 185.0; Health Usage: 200.0; Fuel: 950.0; Tile: ROAD
2019-10-18 16:00:51 INFO  Car - Speed:   1.0; Angle:  NORTH; Position:  13,4; Parcels:      0; Health: 185.0; Health Usage: 200.0; Fuel: 949.0; Tile: ROAD
2019-10-18 16:00:51 INFO  Car - Speed:   1.0; Angle:  NORTH; Position:  13,5; Parcels:      0; Health: 185.0; Health Usage: 200.0; Fuel: 948.0; Tile: ROAD
2019-10-18 16:00:51 INFO  Car - Speed:   1.0; Angle:  NORTH; Position:  13,6; Parcels:      0; Health: 185.0; Health Usage: 200.0; Fuel: 947.0; Tile: ROAD
2019-10-18 16:00:52 INFO  Car - Speed:   1.0; Angle:  NORTH; Position:  13,7; Parcels:      0; Health: 185.0; Health Usage: 200.0; Fuel: 946.0; Tile: ROAD
2019-10-18 16:00:52 INFO  Car - Speed:   0.0; Angle:   EAST; Position:  13,7; Parcels:      0; Health: 180.0; Health Usage: 200.0; Fuel: 945.0; Tile: ROAD
2019-10-18 16:00:52 INFO  Car - Speed:   0.0; Angle:   EAST; Position:  13,7; Parcels:      0; Health: 180.0; Health Usage: 200.0; Fuel: 945.0; Tile: ROAD
2019-10-18 16:00:52 INFO  Car - Speed:   0.0; Angle:   EAST; Position:  13,7; Parcels:      0; Health: 180.0; Health Usage: 200.0; Fuel: 945.0; Tile: ROAD
2019-10-18 16:00:53 INFO  Car - Speed:   0.0; Angle:   EAST; Position:  13,7; Parcels:      0; Health: 180.0; Health Usage: 200.0; Fuel: 945.0; Tile: ROAD
2019-10-18 16:00:53 INFO  Car - Speed:   0.0; Angle:   EAST; Position:  13,7; Parcels:      0; Health: 180.0; Health Usage: 200.0; Fuel: 945.0; Tile: ROAD
2019-10-18 16:00:53 INFO  Car - Speed:   0.0; Angle:   EAST; Position:  13,7; Parcels:      0; Health: 180.0; Health Usage: 200.0; Fuel: 945.0; Tile: ROAD
2019-10-18 16:00:53 INFO  Car - Speed:   0.0; Angle:   EAST; Position:  13,7; Parcels:      0; Health: 180.0; Health Usage: 200.0; Fuel: 945.0; Tile: ROAD
2019-10-18 16:00:54 INFO  Car - Speed:   0.0; Angle:   EAST; Position:  13,7; Parcels:      0; Health: 175.0; Health Usage: 200.0; Fuel: 944.0; Tile: ROAD
2019-10-18 16:00:54 INFO  Car - Speed:   0.0; Angle:   EAST; Position:  13,7; Parcels:      0; Health: 175.0; Health Usage: 200.0; Fuel: 944.0; Tile: ROAD
2019-10-18 16:00:54 INFO  Car - Speed:   0.0; Angle:   EAST; Position:  13,7; Parcels:      0; Health: 175.0; Health Usage: 200.0; Fuel: 944.0; Tile: ROAD
2019-10-18 16:00:54 INFO  Car - Speed:   0.0; Angle:   EAST; Position:  13,7; Parcels:      0; Health: 175.0; Health Usage: 200.0; Fuel: 944.0; Tile: ROAD
2019-10-18 16:00:55 INFO  Car - Speed:   1.0; Angle:   EAST; Position:  12,7; Parcels:      0; Health: 175.0; Health Usage: 200.0; Fuel: 943.0; Tile: ROAD
2019-10-18 16:00:55 INFO  Car - Speed:   1.0; Angle:   EAST; Position:  11,7; Parcels:      0; Health: 175.0; Health Usage: 200.0; Fuel: 942.0; Tile: ROAD
2019-10-18 16:00:55 INFO  Car - Speed:   1.0; Angle:   EAST; Position:  10,7; Parcels:      0; Health: 175.0; Health Usage: 200.0; Fuel: 941.0; Tile: ROAD
2019-10-18 16:00:55 INFO  Car - Speed:   0.0; Angle:   EAST; Position:  10,7; Parcels:      0; Health: 170.0; Health Usage: 200.0; Fuel: 940.0; Tile: ROAD
2019-10-18 16:00:56 INFO  Car - Speed:   0.0; Angle:   EAST; Position:  10,7; Parcels:      0; Health: 170.0; Health Usage: 200.0; Fuel: 940.0; Tile: ROAD
2019-10-18 16:00:56 INFO  Car - Speed:   0.0; Angle:   EAST; Position:  10,7; Parcels:      0; Health: 170.0; Health Usage: 200.0; Fuel: 940.0; Tile: ROAD
2019-10-18 16:00:56 INFO  Car - Speed:   1.0; Angle:   EAST; Position:  11,7; Parcels:      0; Health: 170.0; Health Usage: 200.0; Fuel: 939.0; Tile: ROAD
2019-10-18 16:00:56 INFO  Car - Speed:   1.0; Angle:   EAST; Position:  12,7; Parcels:      0; Health: 170.0; Health Usage: 200.0; Fuel: 938.0; Tile: ROAD
2019-10-18 16:00:57 INFO  Car - Speed:   1.0; Angle:  SOUTH; Position:  12,6; Parcels:      0; Health: 170.0; Health Usage: 200.0; Fuel: 937.0; Tile: ROAD
2019-10-18 16:00:57 INFO  Car - Speed:   1.0; Angle:  SOUTH; Position:  12,5; Parcels:      0; Health: 170.0; Health Usage: 200.0; Fuel: 936.0; Tile: ROAD
2019-10-18 16:00:57 INFO  Car - Speed:   1.0; Angle:  SOUTH; Position:  12,4; Parcels:      0; Health: 170.0; Health Usage: 200.0; Fuel: 935.0; Tile: ROAD
2019-10-18 16:00:57 INFO  Car - Speed:   1.0; Angle:  SOUTH; Position:  12,3; Parcels:      0; Health: 170.0; Health Usage: 200.0; Fuel: 934.0; Tile: ROAD
2019-10-18 16:00:58 INFO  Car - Speed:   1.0; Angle:   EAST; Position:  13,3; Parcels:      0; Health: 170.0; Health Usage: 200.0; Fuel: 933.0; Tile: ROAD
2019-10-18 16:00:58 INFO  Car - Speed:   0.0; Angle:   EAST; Position:  13,3; Parcels:      0; Health: 165.0; Health Usage: 200.0; Fuel: 932.0; Tile: ROAD
2019-10-18 16:00:58 INFO  Car - Speed:   0.0; Angle:   EAST; Position:  13,3; Parcels:      0; Health: 165.0; Health Usage: 200.0; Fuel: 932.0; Tile: ROAD
2019-10-18 16:00:58 INFO  Car - Speed:   0.0; Angle:   EAST; Position:  13,3; Parcels:      0; Health: 165.0; Health Usage: 200.0; Fuel: 932.0; Tile: ROAD
2019-10-18 16:00:59 INFO  Car - Speed:   0.0; Angle:   EAST; Position:  13,3; Parcels:      0; Health: 165.0; Health Usage: 200.0; Fuel: 932.0; Tile: ROAD
2019-10-18 16:00:59 INFO  Car - Speed:   0.0; Angle:   EAST; Position:  13,3; Parcels:      0; Health: 165.0; Health Usage: 200.0; Fuel: 932.0; Tile: ROAD
2019-10-18 16:00:59 INFO  Car - Speed:   0.0; Angle:   EAST; Position:  13,3; Parcels:      0; Health: 165.0; Health Usage: 200.0; Fuel: 932.0; Tile: ROAD
2019-10-18 16:00:59 INFO  Car - Speed:   0.0; Angle:   EAST; Position:  13,3; Parcels:      0; Health: 165.0; Health Usage: 200.0; Fuel: 932.0; Tile: ROAD
2019-10-18 16:01:00 INFO  Car - Speed:   0.0; Angle:   EAST; Position:  13,3; Parcels:      0; Health: 165.0; Health Usage: 200.0; Fuel: 932.0; Tile: ROAD
2019-10-18 16:01:00 INFO  Car - Speed:   0.0; Angle:   EAST; Position:  13,3; Parcels:      0; Health: 165.0; Health Usage: 200.0; Fuel: 932.0; Tile: ROAD
2019-10-18 16:01:00 INFO  Car - Speed:   0.0; Angle:   EAST; Position:  13,3; Parcels:      0; Health: 165.0; Health Usage: 200.0; Fuel: 932.0; Tile: ROAD
2019-10-18 16:01:00 INFO  Car - Speed:   0.0; Angle:   EAST; Position:  13,3; Parcels:      0; Health: 165.0; Health Usage: 200.0; Fuel: 932.0; Tile: ROAD
2019-10-18 16:01:01 INFO  Car - Speed:   0.0; Angle:   EAST; Position:  13,3; Parcels:      0; Health: 165.0; Health Usage: 200.0; Fuel: 932.0; Tile: ROAD
2019-10-18 16:01:01 INFO  Car - Speed:   0.0; Angle:   EAST; Position:  13,3; Parcels:      0; Health: 165.0; Health Usage: 200.0; Fuel: 932.0; Tile: ROAD
2019-10-18 16:01:01 INFO  Car - Speed:   0.0; Angle:   EAST; Position:  13,3; Parcels:      0; Health: 165.0; Health Usage: 200.0; Fuel: 932.0; Tile: ROAD
2019-10-18 16:01:01 INFO  Car - Speed:   0.0; Angle:   EAST; Position:  13,3; Parcels:      0; Health: 165.0; Health Usage: 200.0; Fuel: 932.0; Tile: ROAD
2019-10-18 16:01:02 INFO  Car - Speed:   0.0; Angle:   EAST; Position:  13,3; Parcels:      0; Health: 165.0; Health Usage: 200.0; Fuel: 932.0; Tile: ROAD
2019-10-18 16:01:02 INFO  Car - Speed:   0.0; Angle:   EAST; Position:  13,3; Parcels:      0; Health: 165.0; Health Usage: 200.0; Fuel: 932.0; Tile: ROAD
2019-10-18 16:01:02 INFO  Car - Speed:   0.0; Angle:   EAST; Position:  13,3; Parcels:      0; Health: 165.0; Health Usage: 200.0; Fuel: 932.0; Tile: ROAD
2019-10-18 16:01:02 INFO  Car - Speed:   0.0; Angle:   EAST; Position:  13,3; Parcels:      0; Health: 165.0; Health Usage: 200.0; Fuel: 932.0; Tile: ROAD
2019-10-18 16:01:03 INFO  Car - Speed:   0.0; Angle:   EAST; Position:  13,3; Parcels:      0; Health: 165.0; Health Usage: 200.0; Fuel: 932.0; Tile: ROAD
2019-10-18 16:01:03 INFO  Car - Speed:   0.0; Angle:   EAST; Position:  13,3; Parcels:      0; Health: 165.0; Health Usage: 200.0; Fuel: 932.0; Tile: ROAD
2019-10-18 16:01:03 INFO  Car - Speed:   0.0; Angle:   EAST; Position:  13,3; Parcels:      0; Health: 165.0; Health Usage: 200.0; Fuel: 932.0; Tile: ROAD
2019-10-18 16:01:03 INFO  Car - Speed:   0.0; Angle:   EAST; Position:  13,3; Parcels:      0; Health: 165.0; Health Usage: 200.0; Fuel: 932.0; Tile: ROAD
2019-10-18 16:01:04 INFO  Car - Speed:   0.0; Angle:   EAST; Position:  13,3; Parcels:      0; Health: 165.0; Health Usage: 200.0; Fuel: 932.0; Tile: ROAD
2019-10-18 16:01:04 INFO  Car - Speed:   0.0; Angle:   EAST; Position:  13,3; Parcels:      0; Health: 165.0; Health Usage: 200.0; Fuel: 932.0; Tile: ROAD
